TN:
SF:src/cli.ts
FN:1,__name
FN:25,runMain
FN:34,getCommand
FN:55,findFirstCommand
FNF:4
FNH:4
FNDA:18,__name
FNDA:48,runMain
FNDA:48,getCommand
FNDA:48,findFirstCommand
DA:1,1
DA:2,1
DA:3,1
DA:4,1
DA:5,1
DA:6,1
DA:7,1
DA:8,1
DA:9,1
DA:10,1
DA:11,1
DA:12,1
DA:13,1
DA:14,1
DA:15,1
DA:16,1
DA:17,1
DA:18,1
DA:19,1
DA:20,1
DA:21,1
DA:22,1
DA:23,1
DA:24,1
DA:25,48
DA:26,48
DA:27,48
DA:28,48
DA:29,48
DA:30,48
DA:31,48
DA:32,48
DA:33,1
DA:34,48
DA:35,48
DA:36,48
DA:37,7
DA:38,7
DA:39,7
DA:40,48
DA:41,48
DA:42,48
DA:43,39
DA:44,44
DA:45,46
DA:46,48
DA:47,32
DA:48,30
DA:49,30
DA:50,1
DA:51,1
DA:52,48
DA:53,48
DA:54,1
DA:55,48
DA:56,48
DA:57,3
DA:58,3
DA:59,48
DA:60,48
DA:61,2
DA:62,2
DA:63,48
DA:64,2
DA:65,2
DA:66,48
DA:67,48
LF:67
LH:67
BRDA:1,0,0,18
BRDA:25,1,0,48
BRDA:29,2,0,43
BRDA:34,3,0,48
BRDA:36,4,0,7
BRDA:41,5,0,41
BRDA:42,6,0,46
BRDA:42,7,0,44
BRDA:42,8,0,39
BRDA:42,9,0,11
BRDA:43,10,0,9
BRDA:44,11,0,9
BRDA:45,12,0,2
BRDA:46,13,0,32
BRDA:46,14,0,2
BRDA:47,15,0,30
BRDA:47,16,0,3
BRDA:48,17,0,4
BRDA:49,18,0,1
BRDA:55,19,0,48
BRDA:56,20,0,3
BRDA:59,21,0,45
BRDA:60,22,0,44
BRDA:60,23,0,2
BRDA:63,24,0,43
BRDA:63,25,0,42
BRDA:63,26,0,2
BRDA:66,27,0,41
BRDA:66,28,0,50
BRF:29
BRH:29
end_of_record
TN:
SF:src/index.ts
FNF:0
FNH:0
DA:1,1
DA:2,1
DA:3,1
DA:4,1
DA:5,1
DA:6,1
DA:7,1
DA:8,1
DA:9,1
DA:10,1
DA:11,1
DA:12,1
DA:13,1
DA:14,1
DA:15,1
DA:16,1
DA:17,1
DA:18,1
LF:18
LH:18
BRF:0
BRH:0
end_of_record
TN:
SF:src/version.ts
FNF:0
FNH:0
DA:1,1
DA:2,1
DA:3,1
LF:3
LH:3
BRF:0
BRH:0
end_of_record
TN:
SF:src/api/BadgeException.ts
FN:1,__name
FN:1,<static_initializer>
FN:16,BadgeException
FN:29,rethrow
FN:41,throwUnknown
FN:52,guard
FNF:6
FNH:6
FNDA:20,__name
FNDA:10,<static_initializer>
FNDA:13,BadgeException
FNDA:6,rethrow
FNDA:3,throwUnknown
FNDA:4,guard
DA:1,10
DA:2,10
DA:3,10
DA:4,10
DA:5,10
DA:6,10
DA:7,10
DA:8,10
DA:9,1
DA:10,1
DA:11,1
DA:12,1
DA:13,1
DA:14,1
DA:15,1
DA:16,1
DA:17,13
DA:18,13
DA:19,13
DA:20,13
DA:21,13
DA:22,13
DA:23,1
DA:24,1
DA:25,1
DA:26,1
DA:27,1
DA:28,1
DA:29,1
DA:30,6
DA:31,2
DA:32,6
DA:33,1
DA:34,4
DA:35,2
DA:36,3
DA:37,1
DA:38,1
DA:39,6
DA:40,1
DA:41,1
DA:42,3
DA:43,3
DA:44,1
DA:45,1
DA:46,1
DA:47,1
DA:48,1
DA:49,1
DA:50,1
DA:51,1
DA:52,1
DA:53,4
DA:54,4
LF:54
LH:54
BRDA:1,0,0,20
BRDA:1,1,0,10
BRDA:16,2,0,13
BRDA:29,3,0,6
BRDA:30,4,0,2
BRDA:32,5,0,4
BRDA:32,6,0,1
BRDA:34,7,0,3
BRDA:34,8,0,2
BRDA:35,9,0,1
BRDA:36,10,0,1
BRDA:41,11,0,3
BRDA:42,12,0,2
BRDA:52,13,0,4
BRF:14
BRH:14
end_of_record
TN:
SF:src/api/BadgeFactory.ts
FN:2,__name
FN:26,guard
FNF:2
FNH:2
FNDA:9,__name
FNDA:36,guard
DA:1,1
DA:2,1
DA:3,1
DA:4,1
DA:5,1
DA:6,1
DA:7,1
DA:8,1
DA:9,1
DA:10,1
DA:11,1
DA:12,1
DA:13,1
DA:14,1
DA:15,1
DA:16,1
DA:17,1
DA:18,1
DA:19,1
DA:20,1
DA:21,1
DA:22,1
DA:23,1
DA:24,1
DA:25,1
DA:26,1
DA:27,36
DA:28,36
DA:29,1
DA:30,1
DA:31,1
DA:32,1
DA:33,1
DA:34,1
DA:35,1
DA:36,1
LF:36
LH:36
BRDA:2,0,0,9
BRDA:26,1,0,36
BRF:2
BRH:2
end_of_record
TN:
SF:src/api/Types.ts
FN:3,__name
FN:17,isThrowable
FN:29,get milliSeconds
FN:38,get milliSeconds
FNF:4
FNH:4
FNDA:15,__name
FNDA:7,isThrowable
FNDA:3,get milliSeconds
FNDA:7,get milliSeconds
DA:1,1
DA:2,1
DA:3,1
DA:4,1
DA:5,1
DA:6,1
DA:7,1
DA:8,1
DA:9,1
DA:10,1
DA:11,1
DA:12,1
DA:13,1
DA:14,1
DA:15,1
DA:16,1
DA:17,1
DA:18,1
DA:19,1
DA:20,1
DA:21,1
DA:22,1
DA:23,1
DA:24,1
DA:25,1
DA:26,1
DA:27,1
DA:28,1
DA:29,1
DA:30,3
DA:31,3
DA:32,1
DA:33,1
DA:34,1
DA:35,1
DA:36,1
DA:37,1
DA:38,1
DA:39,7
DA:40,7
DA:41,1
DA:42,1
DA:43,1
DA:44,1
DA:45,1
DA:46,1
DA:47,1
DA:48,1
DA:49,1
DA:50,1
DA:51,1
DA:52,1
DA:53,1
DA:54,1
DA:55,1
DA:56,1
DA:57,1
DA:58,1
DA:59,1
DA:60,1
DA:61,1
DA:62,1
DA:63,1
DA:64,1
DA:65,1
DA:66,1
DA:67,1
DA:68,1
DA:69,1
DA:70,1
DA:71,1
DA:72,1
DA:73,1
DA:74,1
DA:75,1
DA:76,1
DA:77,1
DA:78,1
DA:79,1
DA:80,1
DA:81,1
DA:82,1
DA:83,1
DA:84,1
DA:85,1
DA:86,1
DA:87,1
LF:87
LH:87
BRDA:3,0,0,15
BRDA:17,1,0,7
BRDA:29,2,0,3
BRDA:38,3,0,7
BRF:4
BRH:4
end_of_record
TN:
SF:src/api/Variances.ts
FNF:0
FNH:0
DA:1,1
DA:2,1
DA:3,1
DA:4,1
DA:5,1
DA:6,1
DA:7,1
DA:8,1
DA:9,1
DA:10,1
DA:11,1
DA:12,1
DA:13,1
DA:14,1
DA:15,1
DA:16,1
DA:17,1
DA:18,1
DA:19,1
DA:20,1
DA:21,1
DA:22,1
DA:23,1
DA:24,1
DA:25,1
DA:26,1
DA:27,1
DA:28,1
DA:29,1
DA:30,1
DA:31,1
DA:32,1
DA:33,1
DA:34,1
DA:35,1
DA:36,1
DA:37,1
DA:38,1
DA:39,1
DA:40,1
DA:41,1
DA:42,1
DA:43,1
DA:44,1
DA:45,1
DA:46,1
DA:47,1
DA:48,1
DA:49,1
DA:50,1
DA:51,1
DA:52,1
DA:53,1
DA:54,1
DA:55,1
DA:56,1
DA:57,1
DA:58,1
DA:59,1
DA:60,1
DA:61,1
DA:62,1
DA:63,1
DA:64,1
DA:65,1
DA:66,1
DA:67,1
DA:68,1
DA:69,1
DA:70,1
DA:71,1
DA:72,1
DA:73,1
DA:74,1
DA:75,1
DA:76,1
DA:77,1
DA:78,1
DA:79,1
DA:80,1
DA:81,1
DA:82,1
DA:83,1
DA:84,1
DA:85,1
DA:86,1
DA:87,1
DA:88,1
DA:89,1
DA:90,1
DA:91,1
DA:92,1
DA:93,1
DA:94,1
DA:95,1
DA:96,1
DA:97,1
DA:98,1
DA:99,1
DA:100,1
DA:101,1
DA:102,1
DA:103,1
DA:104,1
DA:105,1
DA:106,1
DA:107,1
DA:108,1
DA:109,1
DA:110,1
DA:111,1
DA:112,1
DA:113,1
DA:114,1
DA:115,1
DA:116,1
DA:117,1
DA:118,1
DA:119,1
DA:120,1
DA:121,1
DA:122,1
DA:123,1
DA:124,1
DA:125,1
DA:126,1
DA:127,1
DA:128,1
DA:129,1
DA:130,1
DA:131,1
DA:132,1
DA:133,1
DA:134,1
DA:135,1
DA:136,1
DA:137,1
DA:138,1
DA:139,1
DA:140,1
DA:141,1
DA:142,1
DA:143,1
DA:144,1
DA:145,1
DA:146,1
DA:147,1
DA:148,1
DA:149,1
DA:150,1
DA:151,1
DA:152,1
DA:153,1
DA:154,1
DA:155,1
DA:156,1
DA:157,1
DA:158,1
DA:159,1
DA:160,1
DA:161,1
DA:162,1
DA:163,1
DA:164,1
DA:165,1
DA:166,1
DA:167,1
DA:168,1
DA:169,1
DA:170,1
DA:171,1
DA:172,1
DA:173,1
DA:174,1
DA:175,1
DA:176,1
DA:177,1
DA:178,1
DA:179,1
DA:180,1
DA:181,1
DA:182,1
DA:183,1
DA:184,1
DA:185,1
DA:186,1
DA:187,1
DA:188,1
DA:189,1
DA:190,1
DA:191,1
DA:192,1
DA:193,1
DA:194,1
DA:195,1
DA:196,1
DA:197,1
DA:198,1
DA:199,1
DA:200,1
DA:201,1
DA:202,1
LF:202
LH:202
BRF:0
BRH:0
end_of_record
TN:
SF:src/auxiliary/Checks.ts
FN:2,__name
FN:17,timeoutCheck
FN:30,isNonEmptyString
FN:40,fileDoesNotExist
FNF:4
FNH:4
FNDA:45,__name
FNDA:7,timeoutCheck
FNDA:66,isNonEmptyString
FNDA:20,fileDoesNotExist
DA:1,1
DA:2,1
DA:3,1
DA:4,1
DA:5,1
DA:6,1
DA:7,1
DA:8,1
DA:9,1
DA:10,1
DA:11,1
DA:12,1
DA:13,1
DA:14,1
DA:15,1
DA:16,1
DA:17,1
DA:18,7
DA:19,7
DA:20,7
DA:21,7
DA:22,7
DA:23,1
DA:24,1
DA:25,1
DA:26,1
DA:27,1
DA:28,1
DA:29,1
DA:30,1
DA:31,66
DA:32,66
DA:33,1
DA:34,1
DA:35,1
DA:36,1
DA:37,1
DA:38,1
DA:39,1
DA:40,1
DA:41,20
DA:42,20
LF:42
LH:42
BRDA:2,0,0,45
BRDA:17,1,0,7
BRDA:30,2,0,66
BRDA:31,3,0,59
BRDA:40,4,0,20
BRF:5
BRH:5
end_of_record
TN:
SF:src/auxiliary/DiscoverCoverage.ts
FN:4,__name
FN:27,guard
FNF:2
FNH:2
FNDA:9,__name
FNDA:20,guard
DA:1,1
DA:2,1
DA:3,1
DA:4,1
DA:5,1
DA:6,1
DA:7,1
DA:8,1
DA:9,1
DA:10,1
DA:11,1
DA:12,1
DA:13,1
DA:14,1
DA:15,1
DA:16,1
DA:17,1
DA:18,1
DA:19,1
DA:20,1
DA:21,1
DA:22,1
DA:23,1
DA:24,1
DA:25,1
DA:26,1
DA:27,1
DA:28,20
DA:29,20
DA:30,1
DA:31,1
DA:32,1
DA:33,1
DA:34,1
DA:35,1
DA:36,1
DA:37,1
LF:37
LH:37
BRDA:4,0,0,9
BRDA:27,1,0,20
BRF:2
BRH:2
end_of_record
TN:
SF:src/auxiliary/DiscoverProject.ts
FN:2,__name
FN:25,guard
FNF:2
FNH:2
FNDA:9,__name
FNDA:29,guard
DA:1,1
DA:2,1
DA:3,1
DA:4,1
DA:5,1
DA:6,1
DA:7,1
DA:8,1
DA:9,1
DA:10,1
DA:11,1
DA:12,1
DA:13,1
DA:14,1
DA:15,1
DA:16,1
DA:17,1
DA:18,1
DA:19,1
DA:20,1
DA:21,1
DA:22,1
DA:23,1
DA:24,1
DA:25,1
DA:26,29
DA:27,29
DA:28,1
DA:29,1
DA:30,1
DA:31,1
DA:32,1
DA:33,1
DA:34,1
DA:35,1
LF:35
LH:35
BRDA:2,0,0,9
BRDA:25,1,0,29
BRF:2
BRH:2
end_of_record
TN:
SF:src/data/Resolver.ts
FN:1,__name
FN:12,resolveDataPath
FNF:2
FNH:2
FNDA:12,__name
FNDA:12,resolveDataPath
DA:1,1
DA:2,1
DA:3,1
DA:4,1
DA:5,1
DA:6,1
DA:7,1
DA:8,1
DA:9,1
DA:10,1
DA:11,1
DA:12,1
DA:13,12
DA:14,12
DA:15,12
DA:16,12
LF:16
LH:16
BRDA:1,0,0,12
BRDA:12,1,0,12
BRF:2
BRH:2
end_of_record
TN:
SF:src/impl/BadgeFactory.impl.ts
FN:3,__name
FN:35,create
FN:1,<static_initializer>
FN:43,createBadge
FN:66,internalCreate
FN:70,BadgeFactoryImpl
FN:74,<instance_members_initializer>
FN:77,readDataFile
FN:89,writeDataFile
FN:101,replaceKeywords
FNF:10
FNH:10
FNDA:45,__name
FNDA:31,create
FNDA:9,<static_initializer>
FNDA:31,createBadge
FNDA:31,internalCreate
FNDA:31,BadgeFactoryImpl
FNDA:31,<instance_members_initializer>
FNDA:31,readDataFile
FNDA:29,writeDataFile
FNDA:30,replaceKeywords
DA:1,9
DA:2,9
DA:3,9
DA:4,9
DA:5,9
DA:6,9
DA:7,9
DA:8,9
DA:9,9
DA:10,9
DA:11,9
DA:12,9
DA:13,9
DA:14,9
DA:15,9
DA:16,9
DA:17,9
DA:18,9
DA:19,9
DA:20,9
DA:21,9
DA:22,9
DA:23,9
DA:24,9
DA:25,9
DA:26,9
DA:27,9
DA:28,9
DA:29,9
DA:30,9
DA:31,9
DA:32,9
DA:33,9
DA:34,9
DA:35,9
DA:36,9
DA:37,9
DA:38,9
DA:39,9
DA:40,9
DA:41,9
DA:42,1
DA:43,1
DA:44,31
DA:45,31
DA:46,31
DA:47,30
DA:48,31
DA:49,1
DA:50,1
DA:51,1
DA:52,1
DA:53,1
DA:54,1
DA:55,31
DA:56,29
DA:57,29
DA:58,29
DA:59,29
DA:60,29
DA:61,29
DA:62,29
DA:63,29
DA:64,31
DA:65,1
DA:66,1
DA:67,31
DA:68,31
DA:69,1
DA:70,1
DA:71,31
DA:72,31
DA:73,1
DA:74,1
DA:75,1
DA:76,1
DA:77,31
DA:78,31
DA:79,31
DA:80,31
DA:81,1
DA:82,31
DA:83,30
DA:84,30
DA:85,31
DA:86,31
DA:87,31
DA:88,1
DA:89,29
DA:90,29
DA:91,29
DA:92,29
DA:93,0
DA:94,29
DA:95,29
DA:96,29
DA:97,29
DA:98,29
DA:99,29
DA:100,1
DA:101,30
DA:102,30
DA:103,30
DA:104,30
DA:105,30
DA:106,30
DA:107,30
DA:108,30
DA:109,142
DA:110,142
DA:111,142
DA:112,30
DA:113,30
DA:114,30
LF:114
LH:113
BRDA:3,0,0,45
BRDA:35,1,0,31
BRDA:1,2,0,9
BRDA:43,3,0,31
BRDA:46,4,0,30
BRDA:48,5,0,1
BRDA:55,6,0,29
BRDA:56,7,0,29
BRDA:66,8,0,31
BRDA:70,9,0,31
BRDA:74,10,0,31
BRDA:77,11,0,31
BRDA:78,12,0,31
BRDA:79,13,0,31
BRDA:80,14,0,1
BRDA:82,15,0,30
BRDA:89,16,0,29
BRDA:90,17,0,29
BRDA:91,18,0,29
BRDA:92,19,0,0
BRDA:101,20,0,30
BRDA:108,21,0,142
BRDA:111,22,0,141
BRDA:111,23,0,1
BRF:24
BRH:23
end_of_record
TN:
SF:src/impl/Command.impl.ts
FN:1,__name
FN:10,toContext
FN:22,parseFlags
FN:37,flagsToDisplay
FN:47,toEnvironment
FN:62,createFileSource
FN:80,getFileSourcePath
FNF:7
FNH:7
FNDA:80,__name
FNDA:81,toContext
FNDA:81,parseFlags
FNDA:81,flagsToDisplay
FNDA:81,toEnvironment
FNDA:81,createFileSource
FNDA:81,getFileSourcePath
DA:1,1
DA:2,1
DA:3,1
DA:4,1
DA:5,1
DA:6,1
DA:7,1
DA:8,1
DA:9,1
DA:10,1
DA:11,81
DA:12,81
DA:13,81
DA:14,81
DA:15,81
DA:16,81
DA:17,81
DA:18,81
DA:19,81
DA:20,81
DA:21,1
DA:22,81
DA:23,81
DA:24,81
DA:25,81
DA:26,81
DA:27,81
DA:28,81
DA:29,81
DA:30,81
DA:31,81
DA:32,81
DA:33,1
DA:34,1
DA:35,1
DA:36,1
DA:37,81
DA:38,81
DA:39,81
DA:40,81
DA:41,81
DA:42,81
DA:43,81
DA:44,81
DA:45,81
DA:46,1
DA:47,81
DA:48,81
DA:49,81
DA:50,81
DA:51,81
DA:52,81
DA:53,81
DA:54,30
DA:55,30
DA:56,30
DA:57,81
DA:58,51
DA:59,51
DA:60,1
DA:61,1
DA:62,81
DA:63,81
DA:64,81
DA:65,81
DA:66,81
DA:67,30
DA:68,30
DA:69,30
DA:70,30
DA:71,30
DA:72,0
DA:73,0
DA:74,0
DA:75,0
DA:76,30
DA:77,81
DA:78,1
DA:79,1
DA:80,81
DA:81,81
DA:82,81
DA:83,81
LF:83
LH:79
BRDA:1,0,0,80
BRDA:10,1,0,81
BRDA:22,2,0,81
BRDA:26,3,0,75
BRDA:27,4,0,68
BRDA:28,5,0,77
BRDA:29,6,0,77
BRDA:30,7,0,71
BRDA:34,8,0,8
BRDA:35,9,0,1
BRDA:37,10,0,81
BRDA:39,11,0,15
BRDA:39,12,0,66
BRDA:40,13,0,15
BRDA:40,14,0,66
BRDA:41,15,0,66
BRDA:41,16,0,62
BRDA:41,17,0,67
BRDA:41,18,0,14
BRDA:42,19,0,66
BRDA:42,20,0,63
BRDA:42,21,0,67
BRDA:42,22,0,14
BRDA:43,23,0,66
BRDA:43,24,0,72
BRDA:43,25,0,9
BRDA:47,26,0,81
BRDA:53,27,0,30
BRDA:57,28,0,51
BRDA:62,29,0,81
BRDA:66,30,0,30
BRDA:71,31,0,0
BRDA:77,32,0,51
BRDA:80,33,0,81
BRF:34
BRH:33
end_of_record
TN:
SF:src/impl/DiscoverCoverage.impl.ts
FN:5,__name
FN:29,create
FN:1,<static_initializer>
FN:37,discoverCoverage
FN:49,internalCreate
FN:53,DiscoverCoverageImpl
FN:57,<instance_members_initializer>
FN:60,getCodeCoverageFromEnvironment
FN:70,getCodeCoveragePercentFromCoverageSummary
FN:87,getCodeCoveragePercentFromLcovInfo
FN:104,readPercentageFromLcovInfo
FN:150,getCodeCoveragePercentFromLcovReport
FN:167,readPercentageFromLcovReport
FN:193,readPercentageFromCoverageSummary
FN:199,getProjectFolder
FN:203,getCoverageSummaryFilePath
FN:208,getLcovReportIndexPath
FN:213,getLcovInfoPath
FNF:18
FNH:18
FNDA:117,__name
FNDA:20,create
FNDA:9,<static_initializer>
FNDA:20,discoverCoverage
FNDA:20,internalCreate
FNDA:20,DiscoverCoverageImpl
FNDA:20,<instance_members_initializer>
FNDA:20,getCodeCoverageFromEnvironment
FNDA:20,getCodeCoveragePercentFromCoverageSummary
FNDA:20,getCodeCoveragePercentFromLcovInfo
FNDA:1,readPercentageFromLcovInfo
FNDA:20,getCodeCoveragePercentFromLcovReport
FNDA:20,readPercentageFromLcovReport
FNDA:20,readPercentageFromCoverageSummary
FNDA:60,getProjectFolder
FNDA:20,getCoverageSummaryFilePath
FNDA:20,getLcovReportIndexPath
FNDA:20,getLcovInfoPath
DA:1,9
DA:2,9
DA:3,9
DA:4,9
DA:5,9
DA:6,9
DA:7,9
DA:8,9
DA:9,9
DA:10,9
DA:11,9
DA:12,9
DA:13,9
DA:14,9
DA:15,9
DA:16,9
DA:17,9
DA:18,9
DA:19,9
DA:20,9
DA:21,9
DA:22,9
DA:23,9
DA:24,9
DA:25,9
DA:26,9
DA:27,9
DA:28,9
DA:29,9
DA:30,9
DA:31,9
DA:32,9
DA:33,9
DA:34,9
DA:35,9
DA:36,1
DA:37,1
DA:38,20
DA:39,20
DA:40,20
DA:41,20
DA:42,20
DA:43,20
DA:44,20
DA:45,20
DA:46,20
DA:47,20
DA:48,1
DA:49,1
DA:50,20
DA:51,20
DA:52,1
DA:53,1
DA:54,20
DA:55,20
DA:56,1
DA:57,1
DA:58,1
DA:59,1
DA:60,20
DA:61,20
DA:62,20
DA:63,20
DA:64,1
DA:65,20
DA:66,19
DA:67,19
DA:68,20
DA:69,20
DA:70,20
DA:71,20
DA:72,20
DA:73,20
DA:74,20
DA:75,0
DA:76,20
DA:77,20
DA:78,20
DA:79,20
DA:80,2
DA:81,2
DA:82,20
DA:83,20
DA:84,20
DA:85,1
DA:86,1
DA:87,20
DA:88,20
DA:89,20
DA:90,20
DA:91,20
DA:92,19
DA:93,20
DA:94,1
DA:95,1
DA:96,1
DA:97,0
DA:98,0
DA:99,1
DA:100,20
DA:101,20
DA:102,1
DA:103,1
DA:104,1
DA:105,1
DA:106,1
DA:107,1
DA:108,1
DA:109,1
DA:110,1
DA:111,1
DA:112,1
DA:113,9
DA:114,1
DA:115,9
DA:116,1
DA:117,8
DA:118,1
DA:119,7
DA:120,1
DA:121,6
DA:122,1
DA:123,5
DA:124,1
DA:125,1
DA:126,9
DA:127,1
DA:128,1
DA:129,1
DA:130,1
DA:131,1
DA:132,1
DA:133,1
DA:134,1
DA:135,1
DA:136,1
DA:137,1
DA:138,1
DA:139,1
DA:140,1
DA:141,1
DA:142,3
DA:143,3
DA:144,1
DA:145,1
DA:146,1
DA:147,1
DA:148,1
DA:149,1
DA:150,20
DA:151,20
DA:152,20
DA:153,20
DA:154,20
DA:155,0
DA:156,20
DA:157,20
DA:158,20
DA:159,20
DA:160,2
DA:161,2
DA:162,20
DA:163,20
DA:164,20
DA:165,1
DA:166,1
DA:167,20
DA:168,20
DA:169,20
DA:170,20
DA:171,20
DA:172,54
DA:173,54
DA:174,54
DA:175,54
DA:176,54
DA:177,18
DA:178,18
DA:179,54
DA:180,54
DA:181,20
DA:182,20
DA:183,18
DA:184,18
DA:185,54
DA:186,54
DA:187,18
DA:188,18
DA:189,20
DA:190,20
DA:191,20
DA:192,1
DA:193,20
DA:194,20
DA:195,20
DA:196,20
DA:197,20
DA:198,1
DA:199,60
DA:200,60
DA:201,60
DA:202,1
DA:203,20
DA:204,20
DA:205,20
DA:206,20
DA:207,1
DA:208,20
DA:209,20
DA:210,20
DA:211,20
DA:212,1
DA:213,20
DA:214,20
DA:215,20
DA:216,20
LF:216
LH:212
BRDA:5,0,0,117
BRDA:29,1,0,20
BRDA:1,2,0,9
BRDA:37,3,0,20
BRDA:49,4,0,20
BRDA:53,5,0,20
BRDA:57,6,0,20
BRDA:60,7,0,20
BRDA:61,8,0,20
BRDA:63,9,0,1
BRDA:65,10,0,19
BRDA:70,11,0,20
BRDA:71,12,0,20
BRDA:73,13,0,20
BRDA:74,14,0,0
BRDA:79,15,0,2
BRDA:87,16,0,20
BRDA:88,17,0,20
BRDA:90,18,0,20
BRDA:91,19,0,19
BRDA:93,20,0,1
BRDA:96,21,0,0
BRDA:104,22,0,1
BRDA:112,23,0,9
BRDA:113,24,0,1
BRDA:114,25,0,0
BRDA:115,26,0,8
BRDA:115,27,0,1
BRDA:116,28,0,0
BRDA:117,29,0,7
BRDA:117,30,0,1
BRDA:118,31,0,0
BRDA:119,32,0,6
BRDA:119,33,0,1
BRDA:120,34,0,0
BRDA:121,35,0,5
BRDA:121,36,0,1
BRDA:122,37,0,0
BRDA:123,38,0,4
BRDA:123,39,0,1
BRDA:124,40,0,0
BRDA:141,41,0,3
BRDA:147,42,0,0
BRDA:150,43,0,20
BRDA:151,44,0,20
BRDA:153,45,0,20
BRDA:154,46,0,0
BRDA:159,47,0,2
BRDA:167,48,0,20
BRDA:171,49,0,54
BRDA:176,50,0,18
BRDA:182,51,0,18
BRDA:184,52,0,54
BRDA:190,53,0,2
BRDA:193,54,0,20
BRDA:199,55,0,60
BRDA:203,56,0,20
BRDA:208,57,0,20
BRDA:213,58,0,20
BRF:59
BRH:49
end_of_record
TN:
SF:src/impl/DiscoverProject.impl.ts
FN:1,__name
FN:21,create
FN:1,<static_initializer>
FN:38,discoverProject
FN:49,internalCreate
FN:53,detectPackageJson
FN:71,#getPackageJsonPath
FN:77,DiscoverProjectImpl
FN:81,<instance_members_initializer>
FN:84,packageJsonToProject
FN:92,discoverRepository
FNF:11
FNH:11
FNDA:36,__name
FNDA:29,create
FNDA:9,<static_initializer>
FNDA:29,discoverProject
FNDA:29,internalCreate
FNDA:29,detectPackageJson
FNDA:29,#getPackageJsonPath
FNDA:29,DiscoverProjectImpl
FNDA:29,<instance_members_initializer>
FNDA:27,packageJsonToProject
FNDA:27,discoverRepository
DA:1,9
DA:2,9
DA:3,9
DA:4,9
DA:5,9
DA:6,9
DA:7,9
DA:8,9
DA:9,9
DA:10,9
DA:11,9
DA:12,9
DA:13,9
DA:14,9
DA:15,9
DA:16,9
DA:17,9
DA:18,9
DA:19,9
DA:20,9
DA:21,9
DA:22,9
DA:23,9
DA:24,9
DA:25,9
DA:26,9
DA:27,9
DA:28,9
DA:29,9
DA:30,9
DA:31,9
DA:32,9
DA:33,9
DA:34,9
DA:35,9
DA:36,9
DA:37,1
DA:38,1
DA:39,29
DA:40,29
DA:41,29
DA:42,29
DA:43,29
DA:44,2
DA:45,2
DA:46,29
DA:47,29
DA:48,1
DA:49,1
DA:50,29
DA:51,29
DA:52,1
DA:53,1
DA:54,29
DA:55,29
DA:56,29
DA:57,29
DA:58,29
DA:59,29
DA:60,27
DA:61,29
DA:62,1
DA:63,1
DA:64,29
DA:65,1
DA:66,1
DA:67,1
DA:68,29
DA:69,29
DA:70,1
DA:71,1
DA:72,29
DA:73,29
DA:74,29
DA:75,29
DA:76,1
DA:77,1
DA:78,29
DA:79,29
DA:80,1
DA:81,1
DA:82,1
DA:83,1
DA:84,27
DA:85,27
DA:86,27
DA:87,27
DA:88,27
DA:89,27
DA:90,1
DA:91,1
DA:92,27
DA:93,27
DA:94,1
DA:95,1
DA:96,26
DA:97,26
DA:98,26
DA:99,26
DA:100,26
DA:101,26
DA:102,26
DA:103,26
DA:104,26
DA:105,26
DA:106,27
LF:106
LH:106
BRDA:1,0,0,36
BRDA:21,1,0,29
BRDA:1,2,0,9
BRDA:38,3,0,29
BRDA:43,4,0,2
BRDA:49,5,0,29
BRDA:53,6,0,29
BRDA:54,7,0,29
BRDA:58,8,0,28
BRDA:59,9,0,27
BRDA:59,10,0,27
BRDA:61,11,0,1
BRDA:64,12,0,1
BRDA:71,13,0,29
BRDA:77,14,0,29
BRDA:81,15,0,29
BRDA:84,16,0,27
BRDA:92,17,0,27
BRDA:93,18,0,26
BRDA:93,19,0,1
BRF:20
BRH:20
end_of_record
TN:
SF:src/impl/Installer.impl.ts
FN:1,__name
FN:25,create
FN:1,<static_initializer>
FN:34,open
FN:39,autoOpen
FN:43,internalCreate
FN:47,#open
FN:56,#close
FN:60,InstallerImpl
FN:69,<instance_members_initializer>
FNF:10
FNH:10
FNDA:73,__name
FNDA:55,create
FNDA:9,<static_initializer>
FNDA:54,open
FNDA:1,autoOpen
FNDA:55,internalCreate
FNDA:54,#open
FNDA:54,#close
FNDA:55,InstallerImpl
FNDA:55,<instance_members_initializer>
DA:1,9
DA:2,9
DA:3,9
DA:4,9
DA:5,9
DA:6,9
DA:7,9
DA:8,9
DA:9,9
DA:10,9
DA:11,9
DA:12,9
DA:13,9
DA:14,9
DA:15,9
DA:16,9
DA:17,9
DA:18,9
DA:19,9
DA:20,9
DA:21,9
DA:22,9
DA:23,9
DA:24,9
DA:25,9
DA:26,9
DA:27,9
DA:28,9
DA:29,9
DA:30,9
DA:31,9
DA:32,1
DA:33,1
DA:34,1
DA:35,54
DA:36,54
DA:37,1
DA:38,1
DA:39,1
DA:40,1
DA:41,1
DA:42,1
DA:43,1
DA:44,55
DA:45,55
DA:46,1
DA:47,1
DA:48,54
DA:49,54
DA:50,54
DA:51,54
DA:52,54
DA:53,54
DA:54,54
DA:55,1
DA:56,1
DA:57,54
DA:58,54
DA:59,1
DA:60,1
DA:61,55
DA:62,55
DA:63,55
DA:64,55
DA:65,55
DA:66,55
DA:67,55
DA:68,1
DA:69,1
DA:70,55
DA:71,55
DA:72,1
LF:72
LH:72
BRDA:1,0,0,73
BRDA:25,1,0,55
BRDA:1,2,0,9
BRDA:34,3,0,54
BRDA:39,4,0,1
BRDA:43,5,0,55
BRDA:47,6,0,54
BRDA:49,7,0,29
BRDA:50,8,0,20
BRDA:51,9,0,31
BRDA:53,10,0,54
BRDA:56,11,0,54
BRDA:60,12,0,55
BRDA:65,13,0,54
BRDA:69,14,0,55
BRF:15
BRH:15
end_of_record
TN:
SF:src/impl/Internal.impl.ts
FN:28,resolveContracts
FN:37,getColorVariant
FN:56,colorFromPercentComplete
FN:60,formatPercent
FN:74,isPercent
FN:78,normalizePercent
FN:90,createFoldersIfNotExist
FNF:7
FNH:6
FNDA:67,resolveContracts
FNDA:39,getColorVariant
FNDA:28,colorFromPercentComplete
FNDA:39,formatPercent
FNDA:209,isPercent
FNDA:107,normalizePercent
FNDA:0,createFoldersIfNotExist
DA:1,1
DA:2,1
DA:3,1
DA:4,1
DA:5,1
DA:6,1
DA:7,1
DA:8,1
DA:9,1
DA:10,1
DA:11,1
DA:12,1
DA:13,1
DA:14,1
DA:15,1
DA:16,1
DA:17,1
DA:18,1
DA:19,1
DA:20,1
DA:21,1
DA:22,1
DA:23,1
DA:24,1
DA:25,1
DA:26,1
DA:27,1
DA:28,1
DA:29,67
DA:30,73
DA:31,6
DA:32,6
DA:33,73
DA:34,67
DA:35,67
DA:36,1
DA:37,1
DA:38,39
DA:39,39
DA:40,20
DA:41,39
DA:42,8
DA:43,19
DA:44,3
DA:45,10
DA:46,3
DA:47,8
DA:48,2
DA:49,5
DA:50,2
DA:51,3
DA:52,1
DA:53,1
DA:54,39
DA:55,1
DA:56,1
DA:57,28
DA:58,28
DA:59,1
DA:60,1
DA:61,39
DA:62,36
DA:63,11
DA:64,31
DA:65,3
DA:66,25
DA:67,22
DA:68,22
DA:69,39
DA:70,3
DA:71,3
DA:72,39
DA:73,1
DA:74,1
DA:75,209
DA:76,209
DA:77,1
DA:78,1
DA:79,107
DA:80,103
DA:81,2
DA:82,103
DA:83,101
DA:84,101
DA:85,107
DA:86,4
DA:87,4
DA:88,107
DA:89,1
DA:90,1
DA:91,0
DA:92,0
DA:93,1
LF:93
LH:91
BRDA:28,0,0,67
BRDA:29,1,0,73
BRDA:30,2,0,18
BRDA:30,3,0,6
BRDA:34,4,0,61
BRDA:37,5,0,39
BRDA:39,6,0,20
BRDA:41,7,0,19
BRDA:41,8,0,8
BRDA:43,9,0,11
BRDA:43,10,0,10
BRDA:43,11,0,3
BRDA:45,12,0,8
BRDA:45,13,0,3
BRDA:47,14,0,5
BRDA:47,15,0,2
BRDA:49,16,0,3
BRDA:49,17,0,2
BRDA:51,18,0,1
BRDA:56,19,0,28
BRDA:60,20,0,39
BRDA:61,21,0,36
BRDA:62,22,0,31
BRDA:62,23,0,11
BRDA:64,24,0,25
BRDA:64,25,0,3
BRDA:66,26,0,22
BRDA:69,27,0,3
BRDA:74,28,0,209
BRDA:75,29,0,206
BRDA:75,30,0,201
BRDA:78,31,0,107
BRDA:79,32,0,103
BRDA:80,33,0,2
BRDA:82,34,0,101
BRDA:85,35,0,4
BRF:36
BRH:36
end_of_record
TN:
SF:src/impl/apply-version-command.ts
FN:2,__name
FN:27,applyVersion
FN:36,applyProjectVersion
FN:42,createReleaseNotesFromTemplate
FN:68,createVersionTs
FN:83,getProjectFolder
FN:87,getVersionTsPath
FN:92,getReleaseNotesOutputFolder
FN:97,getReleaseNotesTemplatePath
FNF:9
FNH:9
FNDA:54,__name
FNDA:9,applyVersion
FNDA:9,applyProjectVersion
FNDA:8,createReleaseNotesFromTemplate
FNDA:9,createVersionTs
FNDA:24,getProjectFolder
FNDA:8,getVersionTsPath
FNDA:8,getReleaseNotesOutputFolder
FNDA:8,getReleaseNotesTemplatePath
DA:1,1
DA:2,1
DA:3,1
DA:4,1
DA:5,1
DA:6,1
DA:7,1
DA:8,1
DA:9,1
DA:10,1
DA:11,1
DA:12,1
DA:13,1
DA:14,1
DA:15,9
DA:16,9
DA:17,8
DA:18,8
DA:19,9
DA:20,9
DA:21,1
DA:22,1
DA:23,9
DA:24,9
DA:25,1
DA:26,1
DA:27,9
DA:28,9
DA:29,9
DA:30,9
DA:31,9
DA:32,9
DA:33,9
DA:34,9
DA:35,1
DA:36,9
DA:37,9
DA:38,9
DA:39,9
DA:40,9
DA:41,1
DA:42,8
DA:43,8
DA:44,8
DA:45,8
DA:46,1
DA:47,1
DA:48,1
DA:49,1
DA:50,8
DA:51,6
DA:52,6
DA:53,6
DA:54,6
DA:55,6
DA:56,6
DA:57,1
DA:58,1
DA:59,1
DA:60,1
DA:61,6
DA:62,5
DA:63,8
DA:64,1
DA:65,1
DA:66,8
DA:67,1
DA:68,9
DA:69,9
DA:70,9
DA:71,9
DA:72,9
DA:73,9
DA:74,9
DA:75,1
DA:76,1
DA:77,1
DA:78,1
DA:79,9
DA:80,9
DA:81,9
DA:82,1
DA:83,24
DA:84,24
DA:85,24
DA:86,1
DA:87,8
DA:88,8
DA:89,8
DA:90,8
DA:91,1
DA:92,8
DA:93,8
DA:94,8
DA:95,8
DA:96,1
DA:97,8
DA:98,8
DA:99,8
DA:100,8
LF:100
LH:100
BRDA:2,0,0,54
BRDA:14,1,0,9
BRDA:16,2,0,8
BRDA:20,3,0,1
BRDA:27,4,0,9
BRDA:30,5,0,9
BRDA:36,6,0,9
BRDA:42,7,0,8
BRDA:45,8,0,1
BRDA:50,9,0,7
BRDA:50,10,0,6
BRDA:55,11,0,0
BRDA:56,12,0,1
BRDA:61,13,0,5
BRDA:63,14,0,1
BRDA:68,15,0,9
BRDA:74,16,0,1
BRDA:80,17,0,8
BRDA:83,18,0,24
BRDA:87,19,0,8
BRDA:92,20,0,8
BRDA:97,21,0,8
BRF:22
BRH:21
end_of_record
TN:
SF:src/impl/coverage-gate-command.ts
FN:1,__name
FN:34,getCoverageGate
FN:43,parseCommandLineForGate
FN:60,discoverCoverage
FNF:4
FNH:3
FNDA:24,__name
FNDA:2,getCoverageGate
FNDA:2,parseCommandLineForGate
FNDA:0,discoverCoverage
DA:1,1
DA:2,1
DA:3,1
DA:4,1
DA:5,1
DA:6,1
DA:7,1
DA:8,1
DA:9,1
DA:10,1
DA:11,1
DA:12,1
DA:13,1
DA:14,1
DA:15,1
DA:16,1
DA:17,2
DA:18,2
DA:19,2
DA:20,2
DA:21,2
DA:22,2
DA:23,2
DA:24,0
DA:25,0
DA:26,0
DA:27,0
DA:28,0
DA:29,0
DA:30,0
DA:31,2
DA:32,1
DA:33,1
DA:34,2
DA:35,2
DA:36,2
DA:37,2
DA:38,0
DA:39,0
DA:40,2
DA:41,2
DA:42,1
DA:43,2
DA:44,2
DA:45,2
DA:46,2
DA:47,0
DA:48,0
DA:49,0
DA:50,0
DA:51,0
DA:52,0
DA:53,0
DA:54,0
DA:55,0
DA:56,2
DA:57,2
DA:58,2
DA:59,1
DA:60,0
DA:61,0
DA:62,0
LF:62
LH:41
BRDA:1,0,0,24
BRDA:16,1,0,2
BRDA:23,2,0,0
BRDA:34,3,0,2
BRDA:37,4,0,0
BRDA:43,5,0,2
BRDA:46,6,0,0
BRF:7
BRH:4
end_of_record
TN:
SF:src/impl/coverage-report-command.ts
FN:2,__name
FN:34,getProjectFolder
FN:38,getLcovInfoPath
FN:43,getCoverageReportFolder
FN:48,parseLcovInfo
FN:86,generateHtmlReport
FNF:6
FNH:4
FNDA:36,__name
FNDA:2,getProjectFolder
FNDA:2,getLcovInfoPath
FNDA:0,getCoverageReportFolder
FNDA:2,parseLcovInfo
FNDA:0,generateHtmlReport
DA:1,1
DA:2,1
DA:3,1
DA:4,1
DA:5,1
DA:6,1
DA:7,1
DA:8,1
DA:9,2
DA:10,2
DA:11,2
DA:12,2
DA:13,2
DA:14,2
DA:15,2
DA:16,2
DA:17,2
DA:18,2
DA:19,1
DA:20,1
DA:21,1
DA:22,1
DA:23,1
DA:24,1
DA:25,1
DA:26,1
DA:27,1
DA:28,1
DA:29,1
DA:30,1
DA:31,1
DA:32,1
DA:33,1
DA:34,2
DA:35,2
DA:36,2
DA:37,1
DA:38,2
DA:39,2
DA:40,2
DA:41,2
DA:42,1
DA:43,0
DA:44,0
DA:45,0
DA:46,0
DA:47,1
DA:48,2
DA:49,2
DA:50,2
DA:51,2
DA:52,2
DA:53,2
DA:54,2
DA:55,2
DA:56,2
DA:57,2
DA:58,2
DA:59,0
DA:60,0
DA:61,0
DA:62,0
DA:63,0
DA:64,0
DA:65,0
DA:66,0
DA:67,0
DA:68,0
DA:69,0
DA:70,0
DA:71,0
DA:72,0
DA:73,0
DA:74,0
DA:75,0
DA:76,0
DA:77,0
DA:78,0
DA:79,0
DA:80,0
DA:81,0
DA:82,0
DA:83,0
DA:84,2
DA:85,1
DA:86,0
DA:87,0
DA:88,0
DA:89,0
DA:90,0
DA:91,0
DA:92,0
DA:93,0
DA:94,0
DA:95,0
DA:96,0
DA:97,0
DA:98,0
DA:99,0
DA:100,0
DA:101,0
DA:102,0
DA:103,0
DA:104,0
DA:105,0
DA:106,0
DA:107,0
DA:108,0
DA:109,0
DA:110,0
DA:111,0
DA:112,0
DA:113,0
DA:114,0
DA:115,0
DA:116,0
DA:117,0
DA:118,0
DA:119,0
DA:120,0
DA:121,0
DA:122,0
DA:123,0
DA:124,0
DA:125,0
DA:126,0
DA:127,0
DA:128,0
DA:129,0
DA:130,0
DA:131,0
DA:132,0
DA:133,0
DA:134,0
DA:135,0
DA:136,0
DA:137,0
LF:137
LH:56
BRDA:2,0,0,36
BRDA:8,1,0,2
BRDA:34,2,0,2
BRDA:38,3,0,2
BRDA:48,4,0,2
BRDA:58,5,0,0
BRF:6
BRH:5
end_of_record
TN:
SF:src/impl/discover-command.ts
FN:2,__name
FN:25,discoverProject
FN:35,discoverCoverage
FNF:3
FNH:3
FNDA:18,__name
FNDA:11,discoverProject
FNDA:11,discoverCoverage
DA:1,1
DA:2,1
DA:3,1
DA:4,1
DA:5,1
DA:6,1
DA:7,1
DA:8,1
DA:9,1
DA:10,1
DA:11,1
DA:12,1
DA:13,1
DA:14,1
DA:15,1
DA:16,1
DA:17,11
DA:18,11
DA:19,11
DA:20,11
DA:21,11
DA:22,11
DA:23,1
DA:24,1
DA:25,11
DA:26,11
DA:27,9
DA:28,9
DA:29,11
DA:30,2
DA:31,2
DA:32,11
DA:33,11
DA:34,1
DA:35,11
DA:36,11
DA:37,11
DA:38,11
DA:39,11
DA:40,0
DA:41,0
DA:42,11
DA:43,11
LF:43
LH:41
BRDA:2,0,0,18
BRDA:16,1,0,11
BRDA:25,2,0,11
BRDA:26,3,0,9
BRDA:29,4,0,2
BRDA:35,5,0,11
BRDA:36,6,0,11
BRF:7
BRH:7
end_of_record
TN:
SF:src/impl/generate-command.ts
FN:12,__name
FN:43,generateBadges
FN:66,generateNpmBadge
FN:81,discoverProject
FN:85,discoverCoverage
FN:93,generateCodeCoverageBadge
FN:112,generateTypedocBadge
FN:127,getProjectFolder
FN:131,getTemplateBadgePath
FN:136,getBadgesFolder
FN:141,getCodeCoverageBadgePath
FN:146,getTypedocBadgePath
FN:151,getNpmBadgePath
FNF:13
FNH:13
FNDA:78,__name
FNDA:9,generateBadges
FNDA:9,generateNpmBadge
FNDA:9,discoverProject
FNDA:9,discoverCoverage
FNDA:9,generateCodeCoverageBadge
FNDA:9,generateTypedocBadge
FNDA:54,getProjectFolder
FNDA:27,getTemplateBadgePath
FNDA:27,getBadgesFolder
FNDA:9,getCodeCoverageBadgePath
FNDA:9,getTypedocBadgePath
FNDA:9,getNpmBadgePath
DA:1,1
DA:2,1
DA:3,1
DA:4,1
DA:5,1
DA:6,1
DA:7,1
DA:8,1
DA:9,1
DA:10,1
DA:11,1
DA:12,1
DA:13,1
DA:14,1
DA:15,1
DA:16,1
DA:17,1
DA:18,1
DA:19,1
DA:20,1
DA:21,1
DA:22,1
DA:23,1
DA:24,1
DA:25,1
DA:26,1
DA:27,1
DA:28,1
DA:29,1
DA:30,1
DA:31,1
DA:32,1
DA:33,9
DA:34,9
DA:35,9
DA:36,9
DA:37,9
DA:38,9
DA:39,9
DA:40,9
DA:41,1
DA:42,1
DA:43,9
DA:44,9
DA:45,9
DA:46,9
DA:47,9
DA:48,9
DA:49,9
DA:50,9
DA:51,9
DA:52,27
DA:53,27
DA:54,27
DA:55,27
DA:56,9
DA:57,9
DA:58,9
DA:59,9
DA:60,1
DA:61,1
DA:62,1
DA:63,1
DA:64,1
DA:65,1
DA:66,9
DA:67,9
DA:68,9
DA:69,9
DA:70,9
DA:71,9
DA:72,9
DA:73,9
DA:74,9
DA:75,9
DA:76,9
DA:77,9
DA:78,9
DA:79,9
DA:80,1
DA:81,9
DA:82,9
DA:83,1
DA:84,1
DA:85,9
DA:86,9
DA:87,9
DA:88,1
DA:89,1
DA:90,1
DA:91,1
DA:92,1
DA:93,9
DA:94,9
DA:95,9
DA:96,9
DA:97,9
DA:98,9
DA:99,9
DA:100,9
DA:101,9
DA:102,9
DA:103,9
DA:104,9
DA:105,9
DA:106,9
DA:107,1
DA:108,1
DA:109,1
DA:110,1
DA:111,1
DA:112,9
DA:113,9
DA:114,9
DA:115,9
DA:116,9
DA:117,9
DA:118,9
DA:119,9
DA:120,9
DA:121,9
DA:122,9
DA:123,9
DA:124,9
DA:125,1
DA:126,1
DA:127,54
DA:128,54
DA:129,54
DA:130,1
DA:131,27
DA:132,27
DA:133,27
DA:134,27
DA:135,1
DA:136,27
DA:137,27
DA:138,27
DA:139,27
DA:140,1
DA:141,9
DA:142,9
DA:143,9
DA:144,9
DA:145,1
DA:146,9
DA:147,9
DA:148,9
DA:149,9
DA:150,1
DA:151,9
DA:152,9
DA:153,9
DA:154,9
LF:154
LH:154
BRDA:12,0,0,78
BRDA:32,1,0,9
BRDA:34,2,0,9
BRDA:37,3,0,9
BRDA:43,4,0,9
BRDA:51,5,0,27
BRDA:66,6,0,9
BRDA:81,7,0,9
BRDA:85,8,0,9
BRDA:93,9,0,9
BRDA:112,10,0,9
BRDA:127,11,0,54
BRDA:131,12,0,27
BRDA:136,13,0,27
BRDA:141,14,0,9
BRDA:146,15,0,9
BRDA:151,16,0,9
BRF:17
BRH:17
end_of_record
TN:
SF:src/impl/help-command.ts
FN:2,__name
FNF:1
FNH:1
FNDA:6,__name
DA:1,1
DA:2,1
DA:3,1
DA:4,1
DA:5,1
DA:6,1
DA:7,1
DA:8,1
DA:9,1
DA:10,12
DA:11,12
DA:12,12
DA:13,12
DA:14,12
DA:15,12
DA:16,12
DA:17,12
DA:18,12
DA:19,12
DA:20,12
DA:21,12
DA:22,12
DA:23,12
DA:24,12
DA:25,12
DA:26,12
DA:27,1
LF:27
LH:27
BRDA:2,0,0,6
BRDA:9,1,0,12
BRDA:11,2,0,12
BRF:3
BRH:3
end_of_record
TN:
SF:src/impl/version-command.ts
FN:2,__name
FNF:1
FNH:1
FNDA:6,__name
DA:1,1
DA:2,1
DA:3,1
DA:4,1
DA:5,1
DA:6,1
DA:7,1
DA:8,1
DA:9,1
DA:10,3
DA:11,3
DA:12,3
DA:13,3
DA:14,3
DA:15,3
DA:16,1
LF:16
LH:16
BRDA:2,0,0,6
BRDA:9,1,0,3
BRDA:11,2,0,3
BRF:3
BRH:3
end_of_record
